{
  "RSpec": {
    "coverage": {
      "/home/thegypsy/turing/1module/futbol/lib/file_io.rb": {
        "lines": [
          1,
          null,
          1,
          1,
          3,
          3,
          0,
          0,
          0,
          0,
          null,
          null,
          0,
          null,
          null,
          null
        ]
      },
      "/home/thegypsy/turing/1module/futbol/lib/stat_tracker.rb": {
        "lines": [
          1,
          1,
          1,
          null,
          1,
          1,
          null,
          null,
          null,
          1,
          2,
          2,
          2,
          null,
          null,
          1,
          1,
          1,
          1,
          1,
          null,
          null
        ]
      },
      "/home/thegypsy/turing/1module/futbol/lib/game.rb": {
        "lines": [
          1,
          null,
          1,
          1,
          1,
          null,
          null,
          null,
          null,
          null,
          null,
          null,
          null,
          null,
          null,
          1,
          7441,
          7441,
          7441,
          7441,
          7441,
          7441,
          7441,
          7441,
          7441,
          7441,
          null,
          null,
          1,
          1,
          1,
          7441,
          null,
          1,
          null,
          null
        ]
      },
      "/home/thegypsy/turing/1module/futbol/lib/team.rb": {
        "lines": [
          1,
          null,
          1,
          1,
          null,
          1,
          null,
          null,
          null,
          null,
          null,
          null,
          1,
          32,
          32,
          32,
          32,
          32,
          32,
          null,
          null,
          1,
          1,
          1,
          32,
          null,
          null,
          1,
          null,
          null
        ]
      },
      "/home/thegypsy/turing/1module/futbol/lib/teams_game.rb": {
        "lines": [
          1,
          null,
          1,
          1,
          null,
          1,
          null,
          null,
          null,
          null,
          null,
          null,
          null,
          null,
          null,
          null,
          null,
          null,
          null,
          null,
          null,
          1,
          14882,
          14882,
          14882,
          14882,
          14882,
          14882,
          14882,
          14882,
          14882,
          14882,
          14882,
          14882,
          14882,
          14882,
          14882,
          null,
          null,
          1,
          1,
          1,
          14882,
          null,
          1,
          null,
          null,
          null
        ]
      },
      "/home/thegypsy/turing/1module/futbol/spec/stat_tracker_spec.rb": {
        "lines": [
          1,
          1,
          1,
          1,
          1,
          1,
          1,
          1,
          null,
          null,
          null,
          1,
          1,
          1,
          1,
          1,
          null,
          null,
          1,
          null,
          null,
          null,
          null,
          1,
          1,
          1,
          1,
          null,
          null,
          null,
          1,
          1,
          1,
          1,
          1,
          1,
          1,
          1,
          1,
          1,
          null,
          null,
          null
        ]
      }
    },
    "timestamp": 1694412789
  }
}
