{
  "RSpec": {
    "coverage": {
      "/home/thegypsy/turing/1module/futbol/lib/file_io.rb": {
        "lines": [
          1,
          null,
          1,
          1,
          6,
          6,
          0,
          0,
          0,
          0,
          null,
          null,
          0,
          null,
          null,
          null
        ]
      },
      "/home/thegypsy/turing/1module/futbol/lib/stat_tracker.rb": {
        "lines": [
          1,
          1,
          1,
          null,
          1,
          1,
          null,
          null,
          null,
          1,
          3,
          3,
          3,
          null,
          null,
          1,
          2,
          2,
          2,
          2,
          null,
          null,
          1,
          7442,
          null,
          null,
          1,
          7442,
          null,
          null,
          1,
          7442,
          1,
          null,
          null,
          1,
          7442,
          1,
          null,
          null,
          1,
          7442,
          1,
          null,
          null,
          1,
          59532,
          null,
          null,
          1,
          7442,
          1,
          null,
          null,
          1,
          14884,
          2,
          14,
          2,
          null,
          null,
          1,
          1,
          null,
          null,
          1,
          29766,
          952514,
          2114,
          null,
          null
        ]
      },
      "/home/thegypsy/turing/1module/futbol/lib/game.rb": {
        "lines": [
          1,
          null,
          1,
          1,
          1,
          null,
          null,
          null,
          null,
          null,
          null,
          null,
          null,
          null,
          null,
          1,
          14882,
          14882,
          14882,
          14882,
          14882,
          14882,
          14882,
          14882,
          14882,
          14882,
          null,
          null,
          1,
          2,
          2,
          14882,
          null,
          2,
          null,
          null,
          1,
          37205,
          null,
          null
        ]
      },
      "/home/thegypsy/turing/1module/futbol/lib/team.rb": {
        "lines": [
          1,
          null,
          1,
          1,
          null,
          1,
          null,
          null,
          null,
          null,
          null,
          null,
          1,
          64,
          64,
          64,
          64,
          64,
          64,
          null,
          null,
          1,
          2,
          2,
          64,
          null,
          null,
          2,
          null,
          null
        ]
      },
      "/home/thegypsy/turing/1module/futbol/lib/teams_game.rb": {
        "lines": [
          1,
          null,
          1,
          1,
          null,
          1,
          null,
          null,
          null,
          null,
          null,
          null,
          null,
          null,
          null,
          null,
          null,
          null,
          null,
          null,
          null,
          1,
          29764,
          29764,
          29764,
          29764,
          29764,
          29764,
          29764,
          29764,
          29764,
          29764,
          29764,
          29764,
          29764,
          29764,
          29764,
          null,
          null,
          1,
          2,
          2,
          29764,
          null,
          2,
          null,
          null,
          null
        ]
      },
      "/home/thegypsy/turing/1module/futbol/spec/stat_tracker_spec.rb": {
        "lines": [
          1,
          1,
          1,
          1,
          1,
          1,
          1,
          1,
          null,
          null,
          null,
          1,
          1,
          1,
          1,
          1,
          null,
          null,
          1,
          null,
          null,
          null,
          null,
          1,
          1,
          1,
          1,
          null,
          null,
          null,
          1,
          1,
          1,
          1,
          1,
          null,
          null,
          1,
          null,
          null,
          null,
          null,
          1,
          null,
          1,
          1,
          1,
          null,
          1,
          1,
          null,
          1,
          1,
          null,
          1,
          1,
          null,
          1,
          1,
          null,
          1,
          1,
          1,
          null,
          1,
          1,
          null,
          1,
          1,
          1,
          null,
          null,
          1,
          1,
          1,
          null,
          1,
          1,
          1,
          null,
          1,
          1,
          1,
          1,
          1,
          null,
          null,
          null
        ]
      }
    },
    "timestamp": 1694567171
  }
}
